<?xml version="1.0" encoding="UTF-8" ?>
<testsuite errors="0" failures="1" hostname="crystal" name="point.PointSetTest" tests="1" time="0.063" timestamp="2009-10-08T10:10:59">
  <properties>
[...]
</properties>
  <testcase classname="point.PointSetTest" name="testContains" time="0.016">
    <failure message="Множество [(2.0,1.0)] не содержит (2.0,1.0)" type="junit.framework.AssertionFailedError">junit.framework.AssertionFailedError: Множество [(2.0,1.0)] не содержит (2.0,1.0)
	at point.PointSetTest.assertContains(PointSetTest.java:17)
	at point.PointSetTest.testContains(PointSetTest.java:29)
</failure>
  </testcase>
  <system-out><![CDATA[]]></system-out>
  <system-err><![CDATA[]]></system-err>
</testsuite>
